<?xml version="1.0" encoding="UTF-8"?>
<testng-results skipped="0" failed="1" total="2" passed="1">
  <reporter-output>
    <line>
      <![CDATA[About to begin executing Suite Orange HRM Suite]]>
    </line>
    <line>
      <![CDATA[About to begin executing Test Edge]]>
    </line>
    <line>
      <![CDATA[About to begin executing following method : smoke.openBrowser]]>
    </line>
    <line>
      <![CDATA[Completed executing following method : smoke.openBrowser]]>
    </line>
    <line>
      <![CDATA[About to begin executing following method : smoke.login]]>
    </line>
    <line>
      <![CDATA[Completed executing following method : smoke.login]]>
    </line>
    <line>
      <![CDATA[Test Method resides in orange.smoke.test.smoke]]>
    </line>
    <line>
      <![CDATA[Test Status: Failed]]>
    </line>
    <line>
      <![CDATA[About to begin executing following method : smoke.tearDown]]>
    </line>
    <line>
      <![CDATA[Completed executing following method : smoke.tearDown]]>
    </line>
    <line>
      <![CDATA[Completed executing test Edge]]>
    </line>
    <line>
      <![CDATA[About to begin executing Test Chrome]]>
    </line>
    <line>
      <![CDATA[About to begin executing following method : smoke.openBrowser]]>
    </line>
    <line>
      <![CDATA[Completed executing following method : smoke.openBrowser]]>
    </line>
    <line>
      <![CDATA[About to begin executing following method : smoke.login]]>
    </line>
    <line>
      <![CDATA[Completed executing following method : smoke.login]]>
    </line>
    <line>
      <![CDATA[Test Method resides in orange.smoke.test.smoke]]>
    </line>
    <line>
      <![CDATA[Test Status: Pass]]>
    </line>
    <line>
      <![CDATA[About to begin executing following method : smoke.tearDown]]>
    </line>
    <line>
      <![CDATA[Completed executing following method : smoke.tearDown]]>
    </line>
    <line>
      <![CDATA[Completed executing test Chrome]]>
    </line>
    <line>
      <![CDATA[About to end executing Suite Orange HRM Suite]]>
    </line>
  </reporter-output>
  <suite name="Orange HRM Suite" duration-ms="29627" started-at="2019-02-14T18:58:39Z" finished-at="2019-02-14T18:59:08Z">
    <groups>
    </groups>
    <test name="Edge" duration-ms="15170" started-at="2019-02-14T18:58:39Z" finished-at="2019-02-14T18:58:54Z">
      <class name="orange.smoke.test.smoke">
        <test-method status="PASS" signature="openBrowser(java.lang.String)[pri:0, instance:orange.smoke.test.smoke@3aa9e816]" name="openBrowser" is-config="true" duration-ms="9402" started-at="2019-02-15T00:28:39Z" finished-at="2019-02-15T00:28:48Z">
          <params>
            <param index="0">
              <value>
                <![CDATA[edge]]>
              </value>
            </param>
          </params>
          <reporter-output>
            <line>
              <![CDATA[Completed executing following method : smoke.openBrowser]]>
            </line>
          </reporter-output>
        </test-method> <!-- openBrowser -->
        <test-method status="FAIL" signature="login()[pri:0, instance:orange.smoke.test.smoke@3aa9e816]" name="login" duration-ms="3095" started-at="2019-02-15T00:28:48Z" finished-at="2019-02-15T00:28:51Z">
          <exception class="org.openqa.selenium.WebDriverException">
            <message>
              <![CDATA[Element is obscured (WARNING: The server did not provide any stacktrace information)
Command duration or timeout: 0 milliseconds
Build info: version: '3.141.59', revision: 'e82be7d358', time: '2018-11-14T08:17:03'
System info: host: 'AMITKK062', ip: '172.24.176.1', os.name: 'Windows 10', os.arch: 'amd64', os.version: '10.0', java.version: '1.8.0_144'
Driver info: org.openqa.selenium.edge.EdgeDriver
Capabilities {acceptSslCerts: true, applicationCacheEnabled: true, browserName: MicrosoftEdge, browserVersion: 38.14393.1066.0, javascriptEnabled: true, locationContextEnabled: true, pageLoadStrategy: normal, platform: WINDOWS, platformName: WINDOWS, platformVersion: 10, takesElementScreenshot: true, takesScreenshot: true, webStorageEnabled: true}
Session ID: D6E74E84-6E14-4F1A-9279-0239CACB973A]]>
            </message>
            <full-stacktrace>
              <![CDATA[org.openqa.selenium.WebDriverException: Element is obscured (WARNING: The server did not provide any stacktrace information)
Command duration or timeout: 0 milliseconds
Build info: version: '3.141.59', revision: 'e82be7d358', time: '2018-11-14T08:17:03'
System info: host: 'AMITKK062', ip: '172.24.176.1', os.name: 'Windows 10', os.arch: 'amd64', os.version: '10.0', java.version: '1.8.0_144'
Driver info: org.openqa.selenium.edge.EdgeDriver
Capabilities {acceptSslCerts: true, applicationCacheEnabled: true, browserName: MicrosoftEdge, browserVersion: 38.14393.1066.0, javascriptEnabled: true, locationContextEnabled: true, pageLoadStrategy: normal, platform: WINDOWS, platformName: WINDOWS, platformVersion: 10, takesElementScreenshot: true, takesScreenshot: true, webStorageEnabled: true}
Session ID: D6E74E84-6E14-4F1A-9279-0239CACB973A
	at sun.reflect.NativeConstructorAccessorImpl.newInstance0(Native Method)
	at sun.reflect.NativeConstructorAccessorImpl.newInstance(NativeConstructorAccessorImpl.java:62)
	at sun.reflect.DelegatingConstructorAccessorImpl.newInstance(DelegatingConstructorAccessorImpl.java:45)
	at java.lang.reflect.Constructor.newInstance(Constructor.java:423)
	at org.openqa.selenium.remote.ErrorHandler.createThrowable(ErrorHandler.java:214)
	at org.openqa.selenium.remote.ErrorHandler.throwIfResponseFailed(ErrorHandler.java:166)
	at org.openqa.selenium.remote.http.JsonHttpResponseCodec.reconstructValue(JsonHttpResponseCodec.java:40)
	at org.openqa.selenium.remote.http.AbstractHttpResponseCodec.decode(AbstractHttpResponseCodec.java:80)
	at org.openqa.selenium.remote.http.AbstractHttpResponseCodec.decode(AbstractHttpResponseCodec.java:44)
	at org.openqa.selenium.remote.HttpCommandExecutor.execute(HttpCommandExecutor.java:158)
	at org.openqa.selenium.remote.service.DriverCommandExecutor.execute(DriverCommandExecutor.java:83)
	at org.openqa.selenium.remote.RemoteWebDriver.execute(RemoteWebDriver.java:552)
	at org.openqa.selenium.remote.RemoteWebElement.execute(RemoteWebElement.java:285)
	at org.openqa.selenium.remote.RemoteWebElement.click(RemoteWebElement.java:84)
	at sun.reflect.NativeMethodAccessorImpl.invoke0(Native Method)
	at sun.reflect.NativeMethodAccessorImpl.invoke(NativeMethodAccessorImpl.java:62)
	at sun.reflect.DelegatingMethodAccessorImpl.invoke(DelegatingMethodAccessorImpl.java:43)
	at java.lang.reflect.Method.invoke(Method.java:498)
	at org.openqa.selenium.support.pagefactory.internal.LocatingElementHandler.invoke(LocatingElementHandler.java:51)
	at com.sun.proxy.$Proxy9.click(Unknown Source)
	at orange.smoke.test.smoke.login(smoke.java:75)
	at sun.reflect.NativeMethodAccessorImpl.invoke0(Native Method)
	at sun.reflect.NativeMethodAccessorImpl.invoke(NativeMethodAccessorImpl.java:62)
	at sun.reflect.DelegatingMethodAccessorImpl.invoke(DelegatingMethodAccessorImpl.java:43)
	at java.lang.reflect.Method.invoke(Method.java:498)
	at org.testng.internal.MethodInvocationHelper.invokeMethod(MethodInvocationHelper.java:84)
	at org.testng.internal.Invoker.invokeMethod(Invoker.java:714)
	at org.testng.internal.Invoker.invokeTestMethod(Invoker.java:901)
	at org.testng.internal.Invoker.invokeTestMethods(Invoker.java:1231)
	at org.testng.internal.TestMethodWorker.invokeTestMethods(TestMethodWorker.java:127)
	at org.testng.internal.TestMethodWorker.run(TestMethodWorker.java:111)
	at java.util.concurrent.ThreadPoolExecutor.runWorker(ThreadPoolExecutor.java:1149)
	at java.util.concurrent.ThreadPoolExecutor$Worker.run(ThreadPoolExecutor.java:624)
	at java.lang.Thread.run(Thread.java:748)
]]>
            </full-stacktrace>
          </exception> <!-- org.openqa.selenium.WebDriverException -->
          <reporter-output>
            <line>
              <![CDATA[Completed executing following method : smoke.login]]>
            </line>
            <line>
              <![CDATA[Test Method resides in orange.smoke.test.smoke]]>
            </line>
            <line>
              <![CDATA[Test Status: Failed]]>
            </line>
          </reporter-output>
        </test-method> <!-- login -->
        <test-method status="PASS" signature="tearDown()[pri:0, instance:orange.smoke.test.smoke@3aa9e816]" name="tearDown" is-config="true" duration-ms="2649" started-at="2019-02-15T00:28:51Z" finished-at="2019-02-15T00:28:54Z">
          <reporter-output>
            <line>
              <![CDATA[Completed executing following method : smoke.tearDown]]>
            </line>
          </reporter-output>
        </test-method> <!-- tearDown -->
      </class> <!-- orange.smoke.test.smoke -->
    </test> <!-- Edge -->
    <test name="Chrome" duration-ms="14435" started-at="2019-02-14T18:58:54Z" finished-at="2019-02-14T18:59:08Z">
      <class name="orange.smoke.test.smoke">
        <test-method status="PASS" signature="openBrowser(java.lang.String)[pri:0, instance:orange.smoke.test.smoke@66d33a]" name="openBrowser" is-config="true" duration-ms="8477" started-at="2019-02-15T00:28:54Z" finished-at="2019-02-15T00:29:02Z">
          <params>
            <param index="0">
              <value>
                <![CDATA[chrome]]>
              </value>
            </param>
          </params>
          <reporter-output>
            <line>
              <![CDATA[Completed executing following method : smoke.openBrowser]]>
            </line>
          </reporter-output>
        </test-method> <!-- openBrowser -->
        <test-method status="PASS" signature="login()[pri:0, instance:orange.smoke.test.smoke@66d33a]" name="login" duration-ms="5020" started-at="2019-02-15T00:29:02Z" finished-at="2019-02-15T00:29:07Z">
          <reporter-output>
            <line>
              <![CDATA[Completed executing following method : smoke.login]]>
            </line>
            <line>
              <![CDATA[Test Method resides in orange.smoke.test.smoke]]>
            </line>
            <line>
              <![CDATA[Test Status: Pass]]>
            </line>
          </reporter-output>
        </test-method> <!-- login -->
        <test-method status="PASS" signature="tearDown()[pri:0, instance:orange.smoke.test.smoke@66d33a]" name="tearDown" is-config="true" duration-ms="937" started-at="2019-02-15T00:29:07Z" finished-at="2019-02-15T00:29:08Z">
          <reporter-output>
            <line>
              <![CDATA[Completed executing following method : smoke.tearDown]]>
            </line>
          </reporter-output>
        </test-method> <!-- tearDown -->
      </class> <!-- orange.smoke.test.smoke -->
    </test> <!-- Chrome -->
  </suite> <!-- Orange HRM Suite -->
</testng-results>
